<?xml version="1.0" encoding="UTF-8"?>
<!-- Generated by org.testng.reporters.JUnitReportReporter -->
<testsuite hostname="DESKTOP-3QVJ858" failures="0" tests="4" name="com.comcast.crm.orgtest.OrganizationModule" time="0.000" errors="1" timestamp="21 Feb 2025 12:31:26 GMT" skipped="3">
  <testcase classname="com.comcast.crm.orgtest.OrganizationModule" name="CreateOrganizationWithIndustryAndType" time="0.000">
    <skipped/>
  </testcase> <!-- CreateOrganizationWithIndustryAndType -->
  <testcase classname="com.comcast.crm.orgtest.OrganizationModule" name="createOrganizationWithPhoneNumber" time="0.000">
    <skipped/>
  </testcase> <!-- createOrganizationWithPhoneNumber -->
  <testcase classname="com.comcast.crm.orgtest.OrganizationModule" name="configBC" time="0.000">
    <error message="
Parameter &#039;Browser&#039; is required by BeforeClass on method configBC but has not been marked @Optional or defined
in C:\Users\use\AppData\Local\Temp\testng-eclipse--720588687\testng-customsuite.xml" type="org.testng.TestNGException">
      <![CDATA[org.testng.TestNGException: 
Parameter 'Browser' is required by BeforeClass on method configBC but has not been marked @Optional or defined
in C:\Users\use\AppData\Local\Temp\testng-eclipse--720588687\testng-customsuite.xml
at org.testng.internal.Parameters.createParams(Parameters.java:290)
at org.testng.internal.Parameters.createParametersForMethod(Parameters.java:359)
at org.testng.internal.Parameters.createParameters(Parameters.java:620)
at org.testng.internal.Parameters.createConfigurationParameters(Parameters.java:190)
at org.testng.internal.Invoker.invokeConfigurations(Invoker.java:209)
at org.testng.internal.Invoker.invokeConfigurations(Invoker.java:142)
at org.testng.internal.TestMethodWorker.invokeBeforeClassMethods(TestMethodWorker.java:168)
at org.testng.internal.TestMethodWorker.run(TestMethodWorker.java:105)
at org.testng.TestRunner.privateRun(TestRunner.java:648)
at org.testng.TestRunner.run(TestRunner.java:505)
at org.testng.SuiteRunner.runTest(SuiteRunner.java:455)
at org.testng.SuiteRunner.runSequentially(SuiteRunner.java:450)
at org.testng.SuiteRunner.privateRun(SuiteRunner.java:415)
at org.testng.SuiteRunner.run(SuiteRunner.java:364)
at org.testng.SuiteRunnerWorker.runSuite(SuiteRunnerWorker.java:52)
at org.testng.SuiteRunnerWorker.run(SuiteRunnerWorker.java:84)
at org.testng.TestNG.runSuitesSequentially(TestNG.java:1208)
at org.testng.TestNG.runSuitesLocally(TestNG.java:1137)
at org.testng.TestNG.runSuites(TestNG.java:1049)
at org.testng.TestNG.run(TestNG.java:1017)
at org.testng.remote.AbstractRemoteTestNG.run(AbstractRemoteTestNG.java:115)
at org.testng.remote.RemoteTestNG.initAndRun(RemoteTestNG.java:293)
at org.testng.remote.RemoteTestNG.main(RemoteTestNG.java:91)
]]>
    </error>
  </testcase> <!-- configBC -->
  <testcase classname="com.comcast.crm.orgtest.OrganizationModule" name="createOrganization" time="0.000">
    <skipped/>
  </testcase> <!-- createOrganization -->
</testsuite> <!-- com.comcast.crm.orgtest.OrganizationModule -->
