<?xml version="1.0" encoding="UTF-8"?>
<!-- Generated by org.testng.reporters.JUnitXMLReporter -->
<testsuite ignored="0" hostname="DESKTOP-3QVJ858" failures="1" tests="6" name="Test(failed)" time="51.032" errors="0" timestamp="15 Feb 2025 06:28:10 GMT">
  <testcase classname="practice.test.InvoiceTest" name="activateSim" time="0.096">
    <skipped/>
  </testcase> <!-- activateSim -->
  <testcase classname="practice.test.InvoiceTest" name="activateSim" time="0.071">
    <skipped/>
  </testcase> <!-- activateSim -->
  <testcase classname="practice.test.InvoiceTest" name="activateSim" time="0.05">
    <skipped/>
  </testcase> <!-- activateSim -->
  <testcase classname="practice.test.InvoiceTest" name="activateSim" time="0.028">
    <skipped/>
  </testcase> <!-- activateSim -->
  <testcase classname="practice.test.InvoiceTest" name="activateSim" time="0.042">
    <skipped/>
  </testcase> <!-- activateSim -->
  <testcase classname="practice.test.InvoiceTest" name="activateSim" time="0.076">
    <failure type="java.lang.AssertionError" message="expected [Login] but found [Administrator - Home - vtiger CRM 5 - Commercial Open Source CRM]">
      <![CDATA[java.lang.AssertionError: expected [Login] but found [Administrator - Home - vtiger CRM 5 - Commercial Open Source CRM]
at practice.test.InvoiceTest.activateSim(InvoiceTest.java:18)
... Removed 29 stack frames]]>
    </failure>
  </testcase> <!-- activateSim -->
</testsuite> <!-- Test(failed) -->
